<?xml version="1.0" encoding="UTF-8"?>
<testng-results ignored="0" total="1" passed="1" failed="0" skipped="0">
  <reporter-output>
  </reporter-output>
  <suite started-at="2023-01-12T18:24:38 IST" name="Default suite" finished-at="2023-01-12T18:24:58 IST" duration-ms="20315">
    <groups>
    </groups>
    <test started-at="2023-01-12T18:24:38 IST" name="Default test" finished-at="2023-01-12T18:24:58 IST" duration-ms="20315">
      <class name="homePageTest.ToVerifyHomePageTest">
        <test-method is-config="true" signature="bsConfig()[pri:0, instance:homePageTest.ToVerifyHomePageTest@25fb8912]" started-at="2023-01-12T18:24:38 IST" name="bsConfig" finished-at="2023-01-12T18:24:38 IST" duration-ms="16" status="PASS">
          <reporter-output>
          </reporter-output>
        </test-method> <!-- bsConfig -->
        <test-method is-config="true" signature="bcConfig()[pri:0, instance:homePageTest.ToVerifyHomePageTest@25fb8912]" started-at="2023-01-12T18:24:38 IST" name="bcConfig" finished-at="2023-01-12T18:24:48 IST" duration-ms="10609" status="PASS">
          <reporter-output>
          </reporter-output>
        </test-method> <!-- bcConfig -->
        <test-method is-config="true" signature="bmConfig()[pri:0, instance:homePageTest.ToVerifyHomePageTest@25fb8912]" started-at="2023-01-12T18:24:48 IST" name="bmConfig" finished-at="2023-01-12T18:24:49 IST" duration-ms="680" status="PASS">
          <reporter-output>
          </reporter-output>
        </test-method> <!-- bmConfig -->
        <test-method signature="verifyHomePageTest()[pri:0, instance:homePageTest.ToVerifyHomePageTest@25fb8912]" started-at="2023-01-12T18:24:49 IST" name="verifyHomePageTest" finished-at="2023-01-12T18:24:54 IST" duration-ms="5275" status="PASS">
          <reporter-output>
          </reporter-output>
        </test-method> <!-- verifyHomePageTest -->
        <test-method is-config="true" signature="amConfig()[pri:0, instance:homePageTest.ToVerifyHomePageTest@25fb8912]" started-at="2023-01-12T18:24:54 IST" name="amConfig" finished-at="2023-01-12T18:24:57 IST" duration-ms="2546" status="PASS">
          <reporter-output>
          </reporter-output>
        </test-method> <!-- amConfig -->
        <test-method is-config="true" signature="acConfig()[pri:0, instance:homePageTest.ToVerifyHomePageTest@25fb8912]" started-at="2023-01-12T18:24:57 IST" name="acConfig" finished-at="2023-01-12T18:24:58 IST" duration-ms="1136" status="PASS">
          <reporter-output>
          </reporter-output>
        </test-method> <!-- acConfig -->
        <test-method is-config="true" signature="asConfig()[pri:0, instance:homePageTest.ToVerifyHomePageTest@25fb8912]" started-at="2023-01-12T18:24:58 IST" name="asConfig" finished-at="2023-01-12T18:24:58 IST" duration-ms="2" status="PASS">
          <reporter-output>
          </reporter-output>
        </test-method> <!-- asConfig -->
      </class> <!-- homePageTest.ToVerifyHomePageTest -->
    </test> <!-- Default test -->
  </suite> <!-- Default suite -->
</testng-results>
